2020-12-06 23:25:17 - [INFO] - DESKTOP-UMHMR2E - F:/scs/config/config.go:281 - 
2020-12-06 23:25:17 - [INFO] - DESKTOP-UMHMR2E - F:/scs/hardware/hardware.go:113 - alert dist: --C:--, type: NTFS
2020-12-06 23:25:17 - [INFO] - DESKTOP-UMHMR2E - F:/scs/config/config.go:281 - 
2020-12-06 23:25:17 - [INFO] - DESKTOP-UMHMR2E - F:/scs/hardware/hardware.go:113 - alert dist: --D:--, type: NTFS
2020-12-06 23:25:17 - [INFO] - DESKTOP-UMHMR2E - F:/scs/config/config.go:281 - 
2020-12-06 23:25:17 - [INFO] - DESKTOP-UMHMR2E - F:/scs/hardware/hardware.go:113 - alert dist: --E:--, type: NTFS
2020-12-06 23:25:17 - [INFO] - DESKTOP-UMHMR2E - F:/scs/config/config.go:281 - 
2020-12-06 23:25:17 - [INFO] - DESKTOP-UMHMR2E - F:/scs/hardware/hardware.go:113 - alert dist: --F:--, type: NTFS
2020-12-06 23:25:17 - [INFO] - DESKTOP-UMHMR2E - F:/scs/config/config.go:281 - 
2020-12-06 23:25:17 - [INFO] - DESKTOP-UMHMR2E - F:/scs/config/config.go:281 - 
2020-12-06 23:25:17 - [INFO] - DESKTOP-UMHMR2E - F:/scs/config/config.go:281 - 
2020-12-06 23:25:17 - [INFO] - DESKTOP-UMHMR2E - F:/scs/config/config.go:281 - 
2020-12-06 23:25:17 - [ERROR] - DESKTOP-UMHMR2E - F:/scs/script/script_windows.go:91 - fork/exec C:\Windows\system32\cmd.exe: The parameter is incorrect.
2020-12-06 23:25:17 - [INFO] - DESKTOP-UMHMR2E - F:/scs/config/config.go:281 - 
2020-12-06 23:25:17 - [ERROR] - DESKTOP-UMHMR2E - F:/scs/script/script_windows.go:91 - fork/exec C:\Windows\system32\cmd.exe: The parameter is incorrect.
2020-12-06 23:25:17 - [INFO] - DESKTOP-UMHMR2E - F:/scs/config/config.go:281 - 
2020-12-06 23:25:17 - [ERROR] - DESKTOP-UMHMR2E - F:/scs/script/script_windows.go:91 - fork/exec C:\Windows\system32\cmd.exe: The parameter is incorrect.
2020-12-06 23:25:17 - [INFO] - DESKTOP-UMHMR2E - F:/scs/config/config.go:281 - 
2020-12-06 23:25:17 - [ERROR] - DESKTOP-UMHMR2E - F:/scs/script/script_windows.go:91 - fork/exec C:\Windows\system32\cmd.exe: The parameter is incorrect.
2020-12-06 23:25:17 - [INFO] - DESKTOP-UMHMR2E - F:/scs/config/config.go:281 - 
2020-12-06 23:25:17 - [ERROR] - DESKTOP-UMHMR2E - F:/scs/script/script_windows.go:91 - fork/exec C:\Windows\system32\cmd.exe: The parameter is incorrect.
2020-12-06 23:26:37 - [INFO] - DESKTOP-UMHMR2E - F:/scs/hardware/hardware.go:113 - alert dist: --C:--, type: NTFS
2020-12-06 23:26:37 - [INFO] - DESKTOP-UMHMR2E - F:/scs/hardware/hardware.go:113 - alert dist: --D:--, type: NTFS
2020-12-06 23:26:37 - [INFO] - DESKTOP-UMHMR2E - F:/scs/hardware/hardware.go:113 - alert dist: --E:--, type: NTFS
2020-12-06 23:26:37 - [INFO] - DESKTOP-UMHMR2E - F:/scs/hardware/hardware.go:113 - alert dist: --F:--, type: NTFS
2020-12-06 23:27:55 - [INFO] - DESKTOP-UMHMR2E - F:/scs/hardware/hardware.go:67 - exit check
2020-12-06 23:27:55 - [INFO] - DESKTOP-UMHMR2E - F:/scs/config/config.go:281 - 
2020-12-06 23:27:55 - [INFO] - DESKTOP-UMHMR2E - F:/scs/hardware/hardware.go:113 - alert dist: --C:--, type: NTFS
2020-12-06 23:27:55 - [INFO] - DESKTOP-UMHMR2E - F:/scs/hardware/hardware.go:113 - alert dist: --D:--, type: NTFS
2020-12-06 23:27:55 - [INFO] - DESKTOP-UMHMR2E - F:/scs/config/config.go:281 - 
2020-12-06 23:27:55 - [INFO] - DESKTOP-UMHMR2E - F:/scs/hardware/hardware.go:113 - alert dist: --E:--, type: NTFS
2020-12-06 23:27:55 - [INFO] - DESKTOP-UMHMR2E - F:/scs/config/config.go:281 - 
2020-12-06 23:27:55 - [INFO] - DESKTOP-UMHMR2E - F:/scs/hardware/hardware.go:113 - alert dist: --F:--, type: NTFS
2020-12-06 23:27:55 - [INFO] - DESKTOP-UMHMR2E - F:/scs/config/config.go:281 - 
2020-12-06 23:27:55 - [INFO] - DESKTOP-UMHMR2E - F:/scs/config/config.go:281 - 
2020-12-06 23:27:55 - [INFO] - DESKTOP-UMHMR2E - F:/scs/config/config.go:281 - 
2020-12-06 23:27:55 - [INFO] - DESKTOP-UMHMR2E - F:/scs/config/config.go:281 - 
2020-12-06 23:27:55 - [INFO] - DESKTOP-UMHMR2E - F:/scs/config/config.go:281 - 
2020-12-06 23:27:55 - [INFO] - DESKTOP-UMHMR2E - F:/scs/config/config.go:281 - 
2020-12-06 23:27:55 - [INFO] - DESKTOP-UMHMR2E - F:/scs/config/config.go:281 - 
2020-12-06 23:27:55 - [INFO] - DESKTOP-UMHMR2E - F:/scs/config/config.go:281 - 
2020-12-06 23:27:55 - [INFO] - DESKTOP-UMHMR2E - F:/scs/config/config.go:281 - 
2020-12-07 20:10:08 - [INFO] - DESKTOP-UMHMR2E - F:/scs/hardware/hardware.go:113 - alert dist: --C:--, type: NTFS
2020-12-07 20:10:09 - [INFO] - DESKTOP-UMHMR2E - F:/scs/hardware/hardware.go:113 - alert dist: --D:--, type: NTFS
2020-12-07 20:10:09 - [INFO] - DESKTOP-UMHMR2E - F:/scs/hardware/hardware.go:113 - alert dist: --E:--, type: NTFS
2020-12-07 20:10:09 - [INFO] - DESKTOP-UMHMR2E - F:/scs/hardware/hardware.go:113 - alert dist: --F:--, type: NTFS
2020-12-07 22:46:22 - [INFO] - DESKTOP-UMHMR2E - F:/scs/hardware/hardware.go:113 - alert dist: --C:--, type: NTFS
2020-12-07 22:46:22 - [INFO] - DESKTOP-UMHMR2E - F:/scs/hardware/hardware.go:113 - alert dist: --D:--, type: NTFS
2020-12-07 22:46:22 - [INFO] - DESKTOP-UMHMR2E - F:/scs/hardware/hardware.go:113 - alert dist: --E:--, type: NTFS
2020-12-07 22:46:22 - [INFO] - DESKTOP-UMHMR2E - F:/scs/hardware/hardware.go:113 - alert dist: --F:--, type: NTFS
2020-12-07 22:48:36 - [INFO] - DESKTOP-UMHMR2E - F:/scs/script/script_windows.go:35 - stop aaa_0

2020-12-07 22:48:36 - [INFO] - DESKTOP-UMHMR2E - F:/scs/script/script_windows.go:35 - stop aaa_6

2020-12-07 22:48:36 - [INFO] - DESKTOP-UMHMR2E - F:/scs/script/script_windows.go:35 - stop aaa_4

2020-12-07 22:48:36 - [INFO] - DESKTOP-UMHMR2E - F:/scs/script/script_windows.go:35 - stop aaa_3

2020-12-07 22:48:37 - [DEBUG] - DESKTOP-UMHMR2E - F:/scs/script/script.go:90 - serviceName: aaa, subScript: aaa_3, error: exit status 1 

2020-12-07 22:48:37 - [DEBUG] - DESKTOP-UMHMR2E - F:/scs/script/script.go:90 - serviceName: aaa, subScript: aaa_0, error: exit status 1 

2020-12-07 22:48:37 - [DEBUG] - DESKTOP-UMHMR2E - F:/scs/script/script.go:90 - serviceName: aaa, subScript: aaa_6, error: exit status 1 

2020-12-07 22:48:37 - [DEBUG] - DESKTOP-UMHMR2E - F:/scs/script/script.go:90 - serviceName: aaa, subScript: aaa_4, error: exit status 1 

2020-12-07 22:48:38 - [INFO] - DESKTOP-UMHMR2E - F:/scs/hardware/hardware.go:67 - exit check
2020-12-07 22:48:38 - [INFO] - DESKTOP-UMHMR2E - F:/scs/config/config.go:281 - 
2020-12-07 22:48:38 - [INFO] - DESKTOP-UMHMR2E - F:/scs/hardware/hardware.go:113 - alert dist: --C:--, type: NTFS
2020-12-07 22:48:38 - [INFO] - DESKTOP-UMHMR2E - F:/scs/hardware/hardware.go:113 - alert dist: --D:--, type: NTFS
2020-12-07 22:48:38 - [INFO] - DESKTOP-UMHMR2E - F:/scs/config/config.go:281 - 
2020-12-07 22:48:38 - [INFO] - DESKTOP-UMHMR2E - F:/scs/hardware/hardware.go:113 - alert dist: --E:--, type: NTFS
2020-12-07 22:48:38 - [INFO] - DESKTOP-UMHMR2E - F:/scs/hardware/hardware.go:113 - alert dist: --F:--, type: NTFS
2020-12-07 22:48:38 - [INFO] - DESKTOP-UMHMR2E - F:/scs/script/script_windows.go:35 - stop aaa_8

2020-12-07 22:48:39 - [DEBUG] - DESKTOP-UMHMR2E - F:/scs/script/script.go:90 - serviceName: aaa, subScript: aaa_8, error: exit status 1 

2020-12-07 22:48:43 - [INFO] - DESKTOP-UMHMR2E - F:/scs/script/script_windows.go:35 - stop aaa_7

2020-12-07 22:48:43 - [ERROR] - DESKTOP-UMHMR2E - F:/scs/script/script_windows.go:32 - exit status 128
2020-12-07 22:48:43 - [INFO] - DESKTOP-UMHMR2E - F:/scs/script/script_windows.go:35 - stop aaa_7

2020-12-07 22:48:44 - [INFO] - DESKTOP-UMHMR2E - F:/scs/script/script_windows.go:35 - stop aaa_9

2020-12-07 22:48:44 - [INFO] - DESKTOP-UMHMR2E - F:/scs/script/script_windows.go:35 - stop aaa_1

2020-12-07 22:48:44 - [DEBUG] - DESKTOP-UMHMR2E - F:/scs/script/script.go:90 - serviceName: aaa, subScript: aaa_7, error: exit status 1 

2020-12-07 22:48:45 - [DEBUG] - DESKTOP-UMHMR2E - F:/scs/script/script.go:90 - serviceName: aaa, subScript: aaa_9, error: exit status 1 

2020-12-07 22:48:45 - [DEBUG] - DESKTOP-UMHMR2E - F:/scs/script/script.go:90 - serviceName: aaa, subScript: aaa_1, error: exit status 1 

2020-12-07 22:48:46 - [INFO] - DESKTOP-UMHMR2E - F:/scs/script/script_windows.go:35 - stop aaa_5

2020-12-07 22:48:47 - [DEBUG] - DESKTOP-UMHMR2E - F:/scs/script/script.go:90 - serviceName: aaa, subScript: aaa_5, error: exit status 1 

2020-12-07 22:48:50 - [INFO] - DESKTOP-UMHMR2E - F:/scs/script/script_windows.go:35 - stop aaa_2

2020-12-07 22:48:50 - [ERROR] - DESKTOP-UMHMR2E - F:/scs/script/script_windows.go:32 - exit status 128
2020-12-07 22:48:50 - [INFO] - DESKTOP-UMHMR2E - F:/scs/script/script_windows.go:35 - stop aaa_2

2020-12-07 22:48:51 - [DEBUG] - DESKTOP-UMHMR2E - F:/scs/script/script.go:90 - serviceName: aaa, subScript: aaa_2, error: exit status 1 

2020-12-07 22:50:09 - [INFO] - DESKTOP-UMHMR2E - F:/scs/httpserver/handle/script.go:24 - {Name:test Dir:F:\scs Command:dir Replicate:10 Always:false DisableAlert:false Env:map[] ContinuityInterval:0s Port:0 AT:{Email:[] Rocket:[] Telegram:[]} KillTime:1s Version:v0.0.1}
2020-12-07 22:50:09 - [INFO] - DESKTOP-UMHMR2E - F:/scs/config/config.go:293 - 1s
2020-12-07 22:50:09 - [INFO] - DESKTOP-UMHMR2E - F:/scs/config/config.go:281 - v0.0.1
2020-12-07 22:50:09 - [ERROR] - DESKTOP-UMHMR2E - F:/scs/script/script_windows.go:91 - fork/exec C:\Windows\system32\cmd.exe: The parameter is incorrect.
2020-12-07 22:50:09 - [ERROR] - DESKTOP-UMHMR2E - F:/scs/script/script_windows.go:91 - fork/exec C:\Windows\system32\cmd.exe: The parameter is incorrect.
2020-12-07 22:50:09 - [ERROR] - DESKTOP-UMHMR2E - F:/scs/script/script_windows.go:91 - fork/exec C:\Windows\system32\cmd.exe: The parameter is incorrect.
2020-12-07 22:50:09 - [ERROR] - DESKTOP-UMHMR2E - F:/scs/script/script_windows.go:91 - fork/exec C:\Windows\system32\cmd.exe: The parameter is incorrect.
2020-12-07 22:50:09 - [ERROR] - DESKTOP-UMHMR2E - F:/scs/script/script_windows.go:91 - fork/exec C:\Windows\system32\cmd.exe: The parameter is incorrect.
2020-12-07 22:50:09 - [ERROR] - DESKTOP-UMHMR2E - F:/scs/script/script_windows.go:91 - fork/exec C:\Windows\system32\cmd.exe: The parameter is incorrect.
2020-12-07 22:50:09 - [ERROR] - DESKTOP-UMHMR2E - F:/scs/script/script_windows.go:91 - fork/exec C:\Windows\system32\cmd.exe: The parameter is incorrect.
2020-12-07 22:50:09 - [ERROR] - DESKTOP-UMHMR2E - F:/scs/script/script_windows.go:91 - fork/exec C:\Windows\system32\cmd.exe: The parameter is incorrect.
2020-12-07 22:50:09 - [ERROR] - DESKTOP-UMHMR2E - F:/scs/script/script_windows.go:91 - fork/exec C:\Windows\system32\cmd.exe: The parameter is incorrect.
